고객상담 내역 기록 - 2025년 3월 1일
[09:15] 홍길동 고객(ID: K12345) 문의접수
주문번호: ORDER-20250301-001
연락처: 010-1234-5678
주소: 서울시 강남구 테헤란로 123
주민등록번호: 880412-1234567
문의내용: 주문한 상품의 배송 지연 문의
[10:30] 김철수 고객(ID: K67890) 문의접수
주문번호: ORDER-20250301-002
연락처: 010-9876-5432
주소: 부산시 해운대구 해운대로 456
주민등록번호: 910725-2345678
문의내용: 제품 교환 요청
[11:45] 이영희 고객(ID: K24680) 문의접수
주문번호: ORDER-20250301-003
연락처: 010-1357-2468
주소: 대구시 수성구 수성로 789
주민등록번호: 850608-2456789
문의내용: 포인트 적립 관련 문의
[14:20] 박민준 고객(ID: K13579) 문의접수
주문번호: ORDER-20250301-004
연락처: 010-2468-1357
주소: 인천시 연수구 컨벤시아대로 321
주민등록번호: 930217-1234567
문의내용: 회원 정보 수정 요청
[15:40] 정수연 고객(ID: K97531) 문의접수
주문번호: ORDER-20250301-005
연락처: 010-8642-9753
주소: 광주시 서구 상무중앙로 654
주민등록번호: 890503-4567123
문의내용: 결제 취소 요청
